2022-02-26 16:21:33.559 [main] INFO  org.sakura.Application - Starting Application on PC-20210811HKAS with PID 5504 (D:\idea_project\AutoTest-master\Chapter13\target\classes started by Administrator in D:\idea_project\AutoTest-master)
2022-02-26 16:21:33.564 [main] INFO  org.sakura.Application - No active profile set, falling back to default profiles: default
2022-02-26 16:21:34.251 [main] WARN  org.mybatis.spring.mapper.ClassPathMapperScanner - No MyBatis mapper was found in '[org.sakura]' package. Please check your configuration.
2022-02-26 16:21:34.508 [main] INFO  o.s.context.support.PostProcessorRegistrationDelegate$BeanPostProcessorChecker - Bean 'org.springframework.transaction.annotation.ProxyTransactionManagementConfiguration' of type [org.springframework.transaction.annotation.ProxyTransactionManagementConfiguration$$EnhancerBySpringCGLIB$$a340a779] is not eligible for getting processed by all BeanPostProcessors (for example: not eligible for auto-proxying)
2022-02-26 16:21:34.769 [main] INFO  org.springframework.boot.web.embedded.tomcat.TomcatWebServer - Tomcat initialized with port(s): 8888 (http)
2022-02-26 16:21:34.783 [main] INFO  org.apache.catalina.core.StandardService - Starting service [Tomcat]
2022-02-26 16:21:34.783 [main] INFO  org.apache.catalina.core.StandardEngine - Starting Servlet Engine: Apache Tomcat/9.0.13
2022-02-26 16:21:34.788 [main] INFO  org.apache.catalina.core.AprLifecycleListener - The APR based Apache Tomcat Native library which allows optimal performance in production environments was not found on the java.library.path: [D:\Environment\jdk8\bin;C:\Windows\Sun\Java\bin;C:\Windows\system32;C:\Windows;D:\Environment\jdk8\bin;D:\Environment\apache-maven-3.8.3\bin;C:\Program Files (x86)\Common Files\Oracle\Java\javapath;C:\Windows\system32;C:\Windows;C:\Windows\System32\Wbem;C:\Windows\System32\WindowsPowerShell\v1.0\;C:\Windows\System32\OpenSSH\;C:\Program Files (x86)\NVIDIA Corporation\PhysX\Common;C:\Program Files\NVIDIA Corporation\NVIDIA NvDLISR;C:\Program Files\dotnet\;D:\Environment\xshell\;D:\Environment\Git\cmd;C:\Users\Administrator.PC-20210811HKAS\AppData\Local\Microsoft\WindowsApps;D:\Environment\jdk8\bin;D:\develop\apache-maven-3.5.0\bin;D:\Environment\mysql-5.7.19\bin;;D:\develop\IntelliJ IDEA 2021.2.3\bin;;.]
2022-02-26 16:21:34.860 [main] INFO  org.apache.catalina.core.ContainerBase.[Tomcat].[localhost].[/] - Initializing Spring embedded WebApplicationContext
2022-02-26 16:21:34.861 [main] INFO  org.springframework.web.context.ContextLoader - Root WebApplicationContext: initialization completed in 1260 ms
2022-02-26 16:21:35.382 [main] INFO  springfox.documentation.spring.web.PropertySourcedRequestMappingHandlerMapping - Mapped URL path [/v2/api-docs] onto method [public org.springframework.http.ResponseEntity<springfox.documentation.spring.web.json.Json> springfox.documentation.swagger2.web.Swagger2Controller.getDocumentation(java.lang.String,javax.servlet.http.HttpServletRequest)]
2022-02-26 16:21:35.472 [main] INFO  org.springframework.scheduling.concurrent.ThreadPoolTaskExecutor - Initializing ExecutorService 'applicationTaskExecutor'
2022-02-26 16:21:35.591 [main] INFO  org.springframework.scheduling.concurrent.ThreadPoolTaskScheduler - Initializing ExecutorService 'taskScheduler'
2022-02-26 16:21:35.635 [main] INFO  springfox.documentation.spring.web.plugins.DocumentationPluginsBootstrapper - Context refreshed
2022-02-26 16:21:35.652 [main] INFO  springfox.documentation.spring.web.plugins.DocumentationPluginsBootstrapper - Found 1 custom documentation plugin(s)
2022-02-26 16:21:35.678 [main] INFO  springfox.documentation.spring.web.scanners.ApiListingReferenceScanner - Scanning for api listing references
2022-02-26 16:21:35.849 [main] INFO  org.springframework.boot.web.embedded.tomcat.TomcatWebServer - Tomcat started on port(s): 8888 (http) with context path ''
2022-02-26 16:21:35.852 [main] INFO  org.sakura.Application - Started Application in 2.59 seconds (JVM running for 4.869)
2022-02-26 16:21:43.983 [Thread-8] INFO  org.springframework.scheduling.concurrent.ThreadPoolTaskScheduler - Shutting down ExecutorService 'taskScheduler'
2022-02-26 16:21:43.984 [Thread-8] INFO  org.springframework.scheduling.concurrent.ThreadPoolTaskExecutor - Shutting down ExecutorService 'applicationTaskExecutor'
